[INFO ] 2018-10-23 22:45:23 [main] c.t.redflower2.RedflowerApplication - Starting RedflowerApplication on stormwangxhu with PID 17348 (/home/stormwangxhu/IdeaProjects/redflower/target/classes started by stormwangxhu in /home/stormwangxhu/IdeaProjects/redflower)
[INFO ] 2018-10-23 22:45:23 [main] c.t.redflower2.RedflowerApplication - No active profile set, falling back to default profiles: default
[INFO ] 2018-10-23 22:45:23 [main] o.s.b.w.s.c.AnnotationConfigServletWebServerApplicationContext - Refreshing org.springframework.boot.web.servlet.context.AnnotationConfigServletWebServerApplicationContext@18078bef: startup date [Tue Oct 23 22:45:23 CST 2018]; root of context hierarchy
[INFO ] 2018-10-23 22:45:24 [main] o.s.c.s.PostProcessorRegistrationDelegate$BeanPostProcessorChecker - Bean 'org.springframework.transaction.annotation.ProxyTransactionManagementConfiguration' of type [org.springframework.transaction.annotation.ProxyTransactionManagementConfiguration$$EnhancerBySpringCGLIB$$d6cff22b] is not eligible for getting processed by all BeanPostProcessors (for example: not eligible for auto-proxying)
[INFO ] 2018-10-23 22:45:24 [main] o.s.b.w.e.tomcat.TomcatWebServer - Tomcat initialized with port(s): 8092 (http)
[INFO ] 2018-10-23 22:45:24 [main] o.a.catalina.core.StandardService - Starting service [Tomcat]
[INFO ] 2018-10-23 22:45:24 [main] o.a.catalina.core.StandardEngine - Starting Servlet Engine: Apache Tomcat/8.5.34
[INFO ] 2018-10-23 22:45:24 [localhost-startStop-1] o.a.c.core.AprLifecycleListener - The APR based Apache Tomcat Native library which allows optimal performance in production environments was not found on the java.library.path: [/usr/java/packages/lib/amd64:/usr/lib64:/lib64:/lib:/usr/lib]
[INFO ] 2018-10-23 22:45:24 [localhost-startStop-1] o.a.c.c.C.[Tomcat].[localhost].[/] - Initializing Spring embedded WebApplicationContext
[INFO ] 2018-10-23 22:45:24 [localhost-startStop-1] o.s.b.w.s.ServletRegistrationBean - Servlet dispatcherServlet mapped to [/]
[INFO ] 2018-10-23 22:45:24 [localhost-startStop-1] o.s.b.w.s.FilterRegistrationBean - Mapping filter: 'characterEncodingFilter' to: [/*]
[INFO ] 2018-10-23 22:45:24 [localhost-startStop-1] o.s.b.w.s.FilterRegistrationBean - Mapping filter: 'hiddenHttpMethodFilter' to: [/*]
[INFO ] 2018-10-23 22:45:24 [localhost-startStop-1] o.s.b.w.s.FilterRegistrationBean - Mapping filter: 'httpPutFormContentFilter' to: [/*]
[INFO ] 2018-10-23 22:45:24 [localhost-startStop-1] o.s.b.w.s.FilterRegistrationBean - Mapping filter: 'requestContextFilter' to: [/*]
[INFO ] 2018-10-23 22:45:25 [main] c.alibaba.druid.pool.DruidDataSource - {dataSource-1} inited
[INFO ] 2018-10-23 22:45:30 [main] o.s.o.j.LocalContainerEntityManagerFactoryBean - Building JPA container EntityManagerFactory for persistence unit 'default'
[INFO ] 2018-10-23 22:45:30 [main] o.h.jpa.internal.util.LogHelper - HHH000204: Processing PersistenceUnitInfo [
	name: default
	...]
[INFO ] 2018-10-23 22:45:30 [main] org.hibernate.Version - HHH000412: Hibernate Core {5.2.17.Final}
[INFO ] 2018-10-23 22:45:30 [main] org.hibernate.cfg.Environment - HHH000206: hibernate.properties not found
[INFO ] 2018-10-23 22:45:30 [main] o.h.annotations.common.Version - HCANN000001: Hibernate Commons Annotations {5.0.1.Final}
[INFO ] 2018-10-23 22:45:30 [main] org.hibernate.dialect.Dialect - HHH000400: Using dialect: org.hibernate.dialect.MySQL5Dialect
[INFO ] 2018-10-23 22:45:31 [main] o.s.o.j.LocalContainerEntityManagerFactoryBean - Initialized JPA EntityManagerFactory for persistence unit 'default'
[WARN ] 2018-10-23 22:45:31 [main] o.s.b.a.o.j.JpaBaseConfiguration$JpaWebConfiguration$JpaWebMvcConfiguration - spring.jpa.open-in-view is enabled by default. Therefore, database queries may be performed during view rendering. Explicitly configure spring.jpa.open-in-view to disable this warning
[INFO ] 2018-10-23 22:45:32 [main] o.s.j.e.a.AnnotationMBeanExporter - Registering beans for JMX exposure on startup
[INFO ] 2018-10-23 22:45:32 [main] o.s.j.e.a.AnnotationMBeanExporter - Bean with name 'dataSource' has been autodetected for JMX exposure
[INFO ] 2018-10-23 22:45:32 [main] o.s.j.e.a.AnnotationMBeanExporter - Located MBean 'dataSource': registering with JMX server as MBean [com.alibaba.druid.pool:name=dataSource,type=DruidDataSource]
[INFO ] 2018-10-23 22:45:32 [main] o.s.b.w.e.tomcat.TomcatWebServer - Tomcat started on port(s): 8092 (http) with context path ''
[INFO ] 2018-10-23 22:45:32 [main] c.t.redflower2.RedflowerApplication - Started RedflowerApplication in 10.252 seconds (JVM running for 11.429)
[INFO ] 2018-10-23 22:47:41 [Thread-22] o.s.b.w.s.c.AnnotationConfigServletWebServerApplicationContext - Closing org.springframework.boot.web.servlet.context.AnnotationConfigServletWebServerApplicationContext@18078bef: startup date [Tue Oct 23 22:45:23 CST 2018]; root of context hierarchy
[INFO ] 2018-10-23 22:47:41 [Thread-22] o.s.j.e.a.AnnotationMBeanExporter - Unregistering JMX-exposed beans on shutdown
[INFO ] 2018-10-23 22:47:41 [Thread-22] o.s.j.e.a.AnnotationMBeanExporter - Unregistering JMX-exposed beans
[INFO ] 2018-10-23 22:47:41 [Thread-22] o.s.o.j.LocalContainerEntityManagerFactoryBean - Closing JPA EntityManagerFactory for persistence unit 'default'
[INFO ] 2018-10-23 22:47:41 [Thread-22] c.alibaba.druid.pool.DruidDataSource - {dataSource-1} closed
[INFO ] 2018-10-23 23:19:50 [main] c.t.redflower2.RedflowerApplication - Starting RedflowerApplication on stormwangxhu with PID 20269 (/home/stormwangxhu/IdeaProjects/redflower/target/classes started by stormwangxhu in /home/stormwangxhu/IdeaProjects/redflower)
[INFO ] 2018-10-23 23:19:50 [main] c.t.redflower2.RedflowerApplication - No active profile set, falling back to default profiles: default
[INFO ] 2018-10-23 23:19:50 [main] o.s.b.w.s.c.AnnotationConfigServletWebServerApplicationContext - Refreshing org.springframework.boot.web.servlet.context.AnnotationConfigServletWebServerApplicationContext@421bba99: startup date [Tue Oct 23 23:19:50 CST 2018]; root of context hierarchy
[INFO ] 2018-10-23 23:19:51 [main] o.s.c.s.PostProcessorRegistrationDelegate$BeanPostProcessorChecker - Bean 'org.springframework.transaction.annotation.ProxyTransactionManagementConfiguration' of type [org.springframework.transaction.annotation.ProxyTransactionManagementConfiguration$$EnhancerBySpringCGLIB$$aaa2a3c] is not eligible for getting processed by all BeanPostProcessors (for example: not eligible for auto-proxying)
[INFO ] 2018-10-23 23:19:52 [main] o.s.b.w.e.tomcat.TomcatWebServer - Tomcat initialized with port(s): 8092 (http)
[INFO ] 2018-10-23 23:19:52 [main] o.a.catalina.core.StandardService - Starting service [Tomcat]
[INFO ] 2018-10-23 23:19:52 [main] o.a.catalina.core.StandardEngine - Starting Servlet Engine: Apache Tomcat/8.5.34
[INFO ] 2018-10-23 23:19:52 [localhost-startStop-1] o.a.c.core.AprLifecycleListener - The APR based Apache Tomcat Native library which allows optimal performance in production environments was not found on the java.library.path: [/usr/java/packages/lib/amd64:/usr/lib64:/lib64:/lib:/usr/lib]
[INFO ] 2018-10-23 23:19:52 [localhost-startStop-1] o.a.c.c.C.[Tomcat].[localhost].[/] - Initializing Spring embedded WebApplicationContext
[INFO ] 2018-10-23 23:19:52 [localhost-startStop-1] o.s.b.w.s.ServletRegistrationBean - Servlet dispatcherServlet mapped to [/]
[INFO ] 2018-10-23 23:19:52 [localhost-startStop-1] o.s.b.w.s.FilterRegistrationBean - Mapping filter: 'characterEncodingFilter' to: [/*]
[INFO ] 2018-10-23 23:19:52 [localhost-startStop-1] o.s.b.w.s.FilterRegistrationBean - Mapping filter: 'hiddenHttpMethodFilter' to: [/*]
[INFO ] 2018-10-23 23:19:52 [localhost-startStop-1] o.s.b.w.s.FilterRegistrationBean - Mapping filter: 'httpPutFormContentFilter' to: [/*]
[INFO ] 2018-10-23 23:19:52 [localhost-startStop-1] o.s.b.w.s.FilterRegistrationBean - Mapping filter: 'requestContextFilter' to: [/*]
[INFO ] 2018-10-23 23:19:52 [main] c.alibaba.druid.pool.DruidDataSource - {dataSource-1} inited
[INFO ] 2018-10-23 23:19:53 [main] o.s.o.j.LocalContainerEntityManagerFactoryBean - Building JPA container EntityManagerFactory for persistence unit 'default'
[INFO ] 2018-10-23 23:19:53 [main] o.h.jpa.internal.util.LogHelper - HHH000204: Processing PersistenceUnitInfo [
	name: default
	...]
[INFO ] 2018-10-23 23:19:53 [main] org.hibernate.Version - HHH000412: Hibernate Core {5.2.17.Final}
[INFO ] 2018-10-23 23:19:53 [main] org.hibernate.cfg.Environment - HHH000206: hibernate.properties not found
[INFO ] 2018-10-23 23:19:53 [main] o.h.annotations.common.Version - HCANN000001: Hibernate Commons Annotations {5.0.1.Final}
[INFO ] 2018-10-23 23:19:53 [main] org.hibernate.dialect.Dialect - HHH000400: Using dialect: org.hibernate.dialect.MySQL5Dialect
[INFO ] 2018-10-23 23:19:54 [main] o.s.o.j.LocalContainerEntityManagerFactoryBean - Initialized JPA EntityManagerFactory for persistence unit 'default'
[WARN ] 2018-10-23 23:19:55 [main] o.s.b.a.o.j.JpaBaseConfiguration$JpaWebConfiguration$JpaWebMvcConfiguration - spring.jpa.open-in-view is enabled by default. Therefore, database queries may be performed during view rendering. Explicitly configure spring.jpa.open-in-view to disable this warning
[INFO ] 2018-10-23 23:19:55 [main] o.s.j.e.a.AnnotationMBeanExporter - Registering beans for JMX exposure on startup
[INFO ] 2018-10-23 23:19:55 [main] o.s.j.e.a.AnnotationMBeanExporter - Bean with name 'dataSource' has been autodetected for JMX exposure
[INFO ] 2018-10-23 23:19:55 [main] o.s.j.e.a.AnnotationMBeanExporter - Located MBean 'dataSource': registering with JMX server as MBean [com.alibaba.druid.pool:name=dataSource,type=DruidDataSource]
[INFO ] 2018-10-23 23:19:55 [main] o.s.b.w.e.tomcat.TomcatWebServer - Tomcat started on port(s): 8092 (http) with context path ''
[INFO ] 2018-10-23 23:19:55 [main] c.t.redflower2.RedflowerApplication - Started RedflowerApplication in 5.996 seconds (JVM running for 8.207)
[INFO ] 2018-10-23 23:21:31 [Thread-15] o.s.b.w.s.c.AnnotationConfigServletWebServerApplicationContext - Closing org.springframework.boot.web.servlet.context.AnnotationConfigServletWebServerApplicationContext@421bba99: startup date [Tue Oct 23 23:19:50 CST 2018]; root of context hierarchy
[INFO ] 2018-10-23 23:21:31 [Thread-15] o.s.j.e.a.AnnotationMBeanExporter - Unregistering JMX-exposed beans on shutdown
[INFO ] 2018-10-23 23:21:31 [Thread-15] o.s.j.e.a.AnnotationMBeanExporter - Unregistering JMX-exposed beans
[INFO ] 2018-10-23 23:21:31 [Thread-15] o.s.o.j.LocalContainerEntityManagerFactoryBean - Closing JPA EntityManagerFactory for persistence unit 'default'
[INFO ] 2018-10-23 23:21:31 [Thread-15] c.alibaba.druid.pool.DruidDataSource - {dataSource-1} closed
